TN:
SF:src\add.js
FN:1,add
FNF:1
FNH:1
FNDA:1,add
DA:2,1
LF:1
LH:1
BRF:0
BRH:0
end_of_record
TN:
SF:src\parser.js
FN:7,emit
FN:56,data
FN:73,tagOpen
FN:95,tagName
FN:112,beforeAttributeName
FN:129,attributeName
FN:146,beforeAttributeValue
FN:159,doubleQuotedAttributeValue
FN:174,singleQuotedAttributeValue
FN:188,afterQuotedAttributeValue
FN:209,UnquotedAttributeValue
FN:233,selfClosingStartTag
FN:245,endTagOpen
FN:267,scriptData
FN:280,scriptDataLessThanSign
FN:292,scriptDataEndTagOpen
FN:310,scriptDataEndTagNameS
FN:323,scriptDataEndTagNameC
FN:336,scriptDataEndTagNameR
FN:348,scriptDataEndTagNameI
FN:360,scriptDataEndTagNameP
FN:374,scriptDataEndTag
FN:394,afterAttributeName
FN:424,parseHTML
FNF:24
FNH:24
FNDA:138,emit
FNDA:45,data
FNDA:23,tagOpen
FNDA:87,tagName
FNDA:17,beforeAttributeName
FNDA:65,attributeName
FNDA:13,beforeAttributeValue
FNDA:16,doubleQuotedAttributeValue
FNDA:8,singleQuotedAttributeValue
FNDA:6,afterQuotedAttributeValue
FNDA:8,UnquotedAttributeValue
FNDA:6,selfClosingStartTag
FNDA:8,endTagOpen
FNDA:90,scriptData
FNDA:14,scriptDataLessThanSign
FNDA:10,scriptDataEndTagOpen
FNDA:8,scriptDataEndTagNameS
FNDA:6,scriptDataEndTagNameC
FNDA:5,scriptDataEndTagNameR
FNDA:4,scriptDataEndTagNameI
FNDA:3,scriptDataEndTagNameP
FNDA:3,scriptDataEndTag
FNDA:12,afterAttributeName
FNDA:15,parseHTML
DA:1,1
DA:2,1
DA:5,1
DA:8,138
DA:10,138
DA:11,15
DA:17,15
DA:19,15
DA:20,51
DA:21,51
DA:27,15
DA:29,15
DA:30,8
DA:32,15
DA:34,123
DA:35,8
DA:36,1
DA:38,7
DA:40,7
DA:41,115
DA:42,101
DA:43,3
DA:47,3
DA:49,101
DA:53,1
DA:57,45
DA:58,23
DA:59,22
DA:60,14
DA:63,14
DA:65,8
DA:69,8
DA:74,23
DA:75,8
DA:76,15
DA:77,14
DA:81,14
DA:83,1
DA:87,1
DA:91,1
DA:96,87
DA:97,7
DA:98,80
DA:99,2
DA:100,78
DA:101,3
DA:102,3
DA:103,75
DA:104,12
DA:105,11
DA:107,63
DA:108,63
DA:113,17
DA:114,4
DA:115,13
DA:116,2
DA:117,11
DA:120,11
DA:125,11
DA:131,65
DA:132,5
DA:133,60
DA:134,9
DA:135,51
DA:137,51
DA:140,51
DA:141,51
DA:148,13
DA:149,2
DA:150,11
DA:151,4
DA:152,7
DA:153,2
DA:155,5
DA:160,16
DA:161,4
DA:162,4
DA:163,12
DA:165,12
DA:168,12
DA:169,12
DA:175,8
DA:176,2
DA:177,2
DA:178,6
DA:180,6
DA:183,6
DA:184,6
DA:189,6
DA:190,3
DA:191,3
DA:192,1
DA:193,2
DA:194,1
DA:195,1
DA:196,1
DA:197,1
DA:200,1
DA:204,1
DA:211,8
DA:212,3
DA:213,3
DA:214,5
DA:215,1
DA:216,1
DA:217,4
DA:218,1
DA:219,1
DA:220,1
DA:221,3
DA:223,3
DA:225,3
DA:228,3
DA:229,3
DA:234,6
DA:236,6
DA:237,6
DA:238,6
DA:239,6
DA:246,8
DA:248,8
DA:249,7
DA:253,7
DA:254,1
DA:255,1
DA:260,1
DA:261,1
DA:269,90
DA:270,14
DA:272,76
DA:276,76
DA:281,14
DA:282,10
DA:284,4
DA:288,4
DA:293,10
DA:294,8
DA:296,2
DA:301,2
DA:306,2
DA:311,8
DA:312,6
DA:314,2
DA:318,2
DA:324,6
DA:325,5
DA:327,1
DA:331,1
DA:337,5
DA:338,4
DA:340,1
DA:344,1
DA:349,4
DA:350,3
DA:352,1
DA:356,1
DA:361,3
DA:362,2
DA:364,1
DA:368,1
DA:372,1
DA:375,3
DA:376,1
DA:377,1
DA:379,2
DA:380,1
DA:384,1
DA:386,1
DA:390,1
DA:395,12
DA:396,5
DA:397,7
DA:398,2
DA:399,1
DA:400,1
DA:405,2
DA:406,5
DA:407,2
DA:408,3
DA:409,1
DA:410,1
DA:411,1
DA:412,2
DA:415,2
DA:416,2
DA:420,2
DA:426,15
DA:427,15
DA:431,15
DA:432,383
DA:433,382
DA:434,1
DA:437,14
DA:439,14
DA:440,14
DA:441,14
DA:443,14
LF:197
LH:197
BRDA:10,0,0,15
BRDA:10,0,1,123
BRDA:20,1,0,51
BRDA:20,1,1,0
BRDA:20,2,0,51
BRDA:20,2,1,15
BRDA:29,3,0,8
BRDA:29,3,1,7
BRDA:34,4,0,8
BRDA:34,4,1,115
BRDA:35,5,0,1
BRDA:35,5,1,7
BRDA:41,6,0,101
BRDA:41,6,1,14
BRDA:42,7,0,3
BRDA:42,7,1,98
BRDA:57,8,0,23
BRDA:57,8,1,22
BRDA:59,9,0,14
BRDA:59,9,1,8
BRDA:74,10,0,8
BRDA:74,10,1,15
BRDA:76,11,0,14
BRDA:76,11,1,1
BRDA:96,12,0,7
BRDA:96,12,1,80
BRDA:98,13,0,2
BRDA:98,13,1,78
BRDA:100,14,0,3
BRDA:100,14,1,75
BRDA:103,15,0,12
BRDA:103,15,1,63
BRDA:113,16,0,4
BRDA:113,16,1,13
BRDA:115,17,0,2
BRDA:115,17,1,11
BRDA:115,18,0,13
BRDA:115,18,1,12
BRDA:115,18,2,11
BRDA:117,19,0,0
BRDA:117,19,1,11
BRDA:131,20,0,5
BRDA:131,20,1,60
BRDA:131,21,0,65
BRDA:131,21,1,60
BRDA:131,21,2,60
BRDA:131,21,3,60
BRDA:133,22,0,9
BRDA:133,22,1,51
BRDA:135,23,0,0
BRDA:135,23,1,51
BRDA:137,24,0,0
BRDA:137,24,1,51
BRDA:137,25,0,51
BRDA:137,25,1,51
BRDA:137,25,2,51
BRDA:148,26,0,2
BRDA:148,26,1,11
BRDA:148,27,0,13
BRDA:148,27,1,13
BRDA:150,28,0,4
BRDA:150,28,1,7
BRDA:152,29,0,2
BRDA:152,29,1,5
BRDA:160,30,0,4
BRDA:160,30,1,12
BRDA:163,31,0,0
BRDA:163,31,1,12
BRDA:165,32,0,0
BRDA:165,32,1,12
BRDA:175,33,0,2
BRDA:175,33,1,6
BRDA:178,34,0,0
BRDA:178,34,1,6
BRDA:180,35,0,0
BRDA:180,35,1,6
BRDA:189,36,0,3
BRDA:189,36,1,3
BRDA:191,37,0,1
BRDA:191,37,1,2
BRDA:193,38,0,1
BRDA:193,38,1,1
BRDA:197,39,0,0
BRDA:197,39,1,1
BRDA:211,40,0,3
BRDA:211,40,1,5
BRDA:214,41,0,1
BRDA:214,41,1,4
BRDA:217,42,0,1
BRDA:217,42,1,3
BRDA:221,43,0,0
BRDA:221,43,1,3
BRDA:223,44,0,0
BRDA:223,44,1,3
BRDA:223,45,0,3
BRDA:223,45,1,3
BRDA:223,45,2,3
BRDA:223,45,3,3
BRDA:223,45,4,3
BRDA:225,46,0,0
BRDA:225,46,1,3
BRDA:234,47,0,0
BRDA:234,47,1,6
BRDA:236,48,0,6
BRDA:236,48,1,0
BRDA:246,49,0,0
BRDA:246,49,1,8
BRDA:248,50,0,7
BRDA:248,50,1,1
BRDA:254,51,0,1
BRDA:254,51,1,0
BRDA:269,52,0,14
BRDA:269,52,1,76
BRDA:281,53,0,10
BRDA:281,53,1,4
BRDA:293,54,0,8
BRDA:293,54,1,2
BRDA:311,55,0,6
BRDA:311,55,1,2
BRDA:324,56,0,5
BRDA:324,56,1,1
BRDA:337,57,0,4
BRDA:337,57,1,1
BRDA:349,58,0,3
BRDA:349,58,1,1
BRDA:361,59,0,2
BRDA:361,59,1,1
BRDA:375,60,0,1
BRDA:375,60,1,2
BRDA:379,61,0,1
BRDA:379,61,1,1
BRDA:395,62,0,5
BRDA:395,62,1,7
BRDA:397,63,0,2
BRDA:397,63,1,5
BRDA:398,64,0,1
BRDA:398,64,1,1
BRDA:398,65,0,2
BRDA:398,65,1,1
BRDA:406,66,0,2
BRDA:406,66,1,3
BRDA:408,67,0,1
BRDA:408,67,1,2
BRDA:412,68,0,0
BRDA:412,68,1,2
BRDA:433,69,0,1
BRDA:433,69,1,381
BRDA:433,70,0,382
BRDA:433,70,1,130
BRF:149
BRH:132
end_of_record
